<?xml version="1.0" encoding="UTF-8"?>
<robot generator="Robot 5.0.1 (Python 3.10.1 on win32)" generated="20220529 19:26:23.273" rpa="false" schemaversion="3">
<suite id="s1" name="TC-17 Flexi Time Balancing" source="d:\Software Testing\team project\Tests\TC-17_Flexi_Time_Balancing.robot">
<test id="s1-t1" name="Flexi Time Balancing" line="87">
<kw name="Run Keywords" library="BuiltIn" type="SETUP">
<arg>Open TrackWorkTime Without Allow Permission</arg>
<arg>AND</arg>
<arg>Open Navigation Drawer</arg>
<arg>AND</arg>
<arg>Enter Options Page</arg>
<doc>Executes all the given keywords in a sequence.</doc>
<kw name="Open TrackWorkTime Without Allow Permission" library="Main_resource">
<kw name="Open Application" library="AppiumLibrary">
<arg>${APPIUM_URL}</arg>
<arg>platformName=${PLATFORM_NAME}</arg>
<arg>deviceName=${DEVICE_NAME}</arg>
<arg>appPackage=${APP_PACKAGE}</arg>
<arg>appActivity=${APP_ACTIVITY}</arg>
<arg>automationName=${AUTOMATION_NAME}</arg>
<doc>Opens a new application to given Appium server.
Capabilities of appium server, Android and iOS,
Please check https://github.com/appium/appium/blob/master/docs/en/writing-running-appium/server-args.md
| *Option*            | *Man.* | *Description*     |
| remote_url          | Yes    | Appium server url |
| alias               | no     | alias             |</doc>
<status status="PASS" starttime="20220529 19:26:23.521" endtime="20220529 19:26:49.158"/>
</kw>
<kw name="Wait Until Page Contains Element" library="AppiumLibrary">
<arg>${NOT_NOW_STORAGE_PERMISSION_BUTTON}</arg>
<doc>Waits until element specified with `locator` appears on current page.</doc>
<status status="PASS" starttime="20220529 19:26:49.158" endtime="20220529 19:26:53.948"/>
</kw>
<kw name="Click Element" library="AppiumLibrary">
<arg>${NOT_NOW_STORAGE_PERMISSION_BUTTON}</arg>
<doc>Click element identified by `locator`.</doc>
<msg timestamp="20220529 19:26:53.950" level="INFO">Clicking element '//android.widget.Button[@text='NOT NOW']'.</msg>
<status status="PASS" starttime="20220529 19:26:53.948" endtime="20220529 19:26:54.577"/>
</kw>
<kw name="Wait Until Page Contains Element" library="AppiumLibrary">
<arg>${NO_BACKUP_BUTTON}</arg>
<doc>Waits until element specified with `locator` appears on current page.</doc>
<status status="PASS" starttime="20220529 19:26:54.578" endtime="20220529 19:26:55.581"/>
</kw>
<kw name="Click Element" library="AppiumLibrary">
<arg>${NO_BACKUP_BUTTON}</arg>
<doc>Click element identified by `locator`.</doc>
<msg timestamp="20220529 19:26:55.584" level="INFO">Clicking element '//android.widget.Button[@text='NO']'.</msg>
<status status="PASS" starttime="20220529 19:26:55.581" endtime="20220529 19:26:56.198"/>
</kw>
<status status="PASS" starttime="20220529 19:26:23.521" endtime="20220529 19:26:56.198"/>
</kw>
<kw name="Open Navigation Drawer" library="Main_resource">
<kw name="Wait Until Page Contains Element" library="AppiumLibrary">
<arg>${NAVIGATION_DRAWER_BUTTON}</arg>
<doc>Waits until element specified with `locator` appears on current page.</doc>
<status status="PASS" starttime="20220529 19:26:56.199" endtime="20220529 19:26:57.757"/>
</kw>
<kw name="Click Element" library="AppiumLibrary">
<arg>${NAVIGATION_DRAWER_BUTTON}</arg>
<doc>Click element identified by `locator`.</doc>
<msg timestamp="20220529 19:26:57.760" level="INFO">Clicking element '//android.widget.ImageButton[@content-desc='Open navigation drawer']'.</msg>
<status status="PASS" starttime="20220529 19:26:57.757" endtime="20220529 19:26:59.392"/>
</kw>
<status status="PASS" starttime="20220529 19:26:56.199" endtime="20220529 19:26:59.392"/>
</kw>
<kw name="Enter Options Page">
<kw name="Wait Until Page Contains Element" library="AppiumLibrary">
<arg>${OPTIONS_VIEW}</arg>
<doc>Waits until element specified with `locator` appears on current page.</doc>
<status status="PASS" starttime="20220529 19:26:59.393" endtime="20220529 19:27:03.144"/>
</kw>
<kw name="Click Element" library="AppiumLibrary">
<arg>${OPTIONS_VIEW}</arg>
<doc>Click element identified by `locator`.</doc>
<msg timestamp="20220529 19:27:03.147" level="INFO">Clicking element '//android.widget.CheckedTextView[@text='Options']'.</msg>
<status status="PASS" starttime="20220529 19:27:03.144" endtime="20220529 19:27:04.654"/>
</kw>
<status status="PASS" starttime="20220529 19:26:59.392" endtime="20220529 19:27:04.654"/>
</kw>
<status status="PASS" starttime="20220529 19:26:23.520" endtime="20220529 19:27:04.654"/>
</kw>
<kw name="Select Flexi Time Target">
<kw name="Wait Until Page Contains Element" library="AppiumLibrary">
<arg>${Flexi_Time_Target}</arg>
<doc>Waits until element specified with `locator` appears on current page.</doc>
<status status="PASS" starttime="20220529 19:27:04.655" endtime="20220529 19:27:06.964"/>
</kw>
<kw name="Click Element" library="AppiumLibrary">
<arg>${Flexi_Time_Target}</arg>
<doc>Click element identified by `locator`.</doc>
<msg timestamp="20220529 19:27:06.966" level="INFO">Clicking element '//android.widget.TextView[@text='Flexi Time Target']'.</msg>
<status status="PASS" starttime="20220529 19:27:06.964" endtime="20220529 19:27:07.635"/>
</kw>
<status status="PASS" starttime="20220529 19:27:04.655" endtime="20220529 19:27:07.636"/>
</kw>
<kw name="Clear Default Target">
<kw name="Wait Until Page Contains Element" library="AppiumLibrary">
<arg>${EDIT_TEXT_PANNEL}</arg>
<doc>Waits until element specified with `locator` appears on current page.</doc>
<status status="PASS" starttime="20220529 19:27:07.636" endtime="20220529 19:27:08.977"/>
</kw>
<kw name="Clear Text" library="AppiumLibrary">
<arg>${EDIT_TEXT_PANNEL}</arg>
<doc>Clears the text field identified by `locator`.</doc>
<msg timestamp="20220529 19:27:08.980" level="INFO">Clear text field '//android.widget.EditText'</msg>
<status status="PASS" starttime="20220529 19:27:08.978" endtime="20220529 19:27:10.025"/>
</kw>
<status status="PASS" starttime="20220529 19:27:07.636" endtime="20220529 19:27:10.025"/>
</kw>
<kw name="Edit Flexi Time Target">
<kw name="Wait Until Page Contains Element" library="AppiumLibrary">
<arg>${EDIT_TEXT_PANNEL}</arg>
<doc>Waits until element specified with `locator` appears on current page.</doc>
<status status="PASS" starttime="20220529 19:27:10.026" endtime="20220529 19:27:10.282"/>
</kw>
<kw name="Input Text" library="AppiumLibrary">
<arg>${EDIT_TEXT_PANNEL}</arg>
<arg>${Flexi_Time_Target_Name}</arg>
<doc>Types the given `text` into text field identified by `locator`.</doc>
<msg timestamp="20220529 19:27:10.285" level="INFO">Typing text '45:00' into text field '//android.widget.EditText'</msg>
<status status="PASS" starttime="20220529 19:27:10.282" endtime="20220529 19:27:11.147"/>
</kw>
<status status="PASS" starttime="20220529 19:27:10.026" endtime="20220529 19:27:11.148"/>
</kw>
<kw name="Click OK Button" library="Task_resource">
<kw name="Wait Until Page Contains Element" library="AppiumLibrary">
<arg>${OK_BUTTON}</arg>
<doc>Waits until element specified with `locator` appears on current page.</doc>
<status status="PASS" starttime="20220529 19:27:11.149" endtime="20220529 19:27:11.567"/>
</kw>
<kw name="Click Element" library="AppiumLibrary">
<arg>${OK_BUTTON}</arg>
<doc>Click element identified by `locator`.</doc>
<msg timestamp="20220529 19:27:11.569" level="INFO">Clicking element '//android.widget.Button[@text='OK']'.</msg>
<status status="PASS" starttime="20220529 19:27:11.567" endtime="20220529 19:27:12.298"/>
</kw>
<status status="PASS" starttime="20220529 19:27:11.148" endtime="20220529 19:27:12.298"/>
</kw>
<kw name="Sleep" library="BuiltIn">
<arg>1</arg>
<doc>Pauses the test executed for the given time.</doc>
<msg timestamp="20220529 19:27:13.312" level="INFO">Slept 1 second</msg>
<status status="PASS" starttime="20220529 19:27:12.299" endtime="20220529 19:27:13.313"/>
</kw>
<kw name="Scroll Down And Check Element Exist">
<arg>${Friday}</arg>
<for flavor="IN RANGE">
<var>${licznik}</var>
<value>0</value>
<value>5</value>
<iter>
<var name="${licznik}">0</var>
<kw name="Swipe By Percent" library="AppiumLibrary">
<arg>30</arg>
<arg>70</arg>
<arg>30</arg>
<arg>20</arg>
<doc>Swipe from one percent of the screen to another percent, for an optional duration.
Normal swipe fails to scale for different screen resolutions, this can be avoided using percent.</doc>
<status status="PASS" starttime="20220529 19:27:13.316" endtime="20220529 19:27:16.543"/>
</kw>
<kw name="Run Keyword And Return Status" library="BuiltIn">
<var>${el}</var>
<arg>Wait Until Page Contains Element</arg>
<arg>${INPUT_TEXT}</arg>
<doc>Runs the given keyword with given arguments and returns the status as a Boolean value.</doc>
<kw name="Wait Until Page Contains Element" library="AppiumLibrary">
<arg>${INPUT_TEXT}</arg>
<doc>Waits until element specified with `locator` appears on current page.</doc>
<status status="PASS" starttime="20220529 19:27:16.544" endtime="20220529 19:27:17.148"/>
</kw>
<msg timestamp="20220529 19:27:17.148" level="INFO">${el} = True</msg>
<status status="PASS" starttime="20220529 19:27:16.544" endtime="20220529 19:27:17.148"/>
</kw>
<kw name="Log" library="BuiltIn">
<arg>${el}</arg>
<doc>Logs the given message with the given level.</doc>
<msg timestamp="20220529 19:27:17.148" level="INFO">True</msg>
<status status="PASS" starttime="20220529 19:27:17.148" endtime="20220529 19:27:17.148"/>
</kw>
<kw name="Run Keyword If" library="BuiltIn">
<arg>${el}</arg>
<arg>Exit For Loop</arg>
<doc>Runs the given keyword with the given arguments, if ``condition`` is true.</doc>
<kw name="Exit For Loop" library="BuiltIn">
<doc>Stops executing the enclosing FOR loop.</doc>
<msg timestamp="20220529 19:27:17.149" level="INFO">Exiting for loop altogether.</msg>
<status status="PASS" starttime="20220529 19:27:17.149" endtime="20220529 19:27:17.149"/>
</kw>
<status status="PASS" starttime="20220529 19:27:17.149" endtime="20220529 19:27:17.150"/>
</kw>
<kw name="Set Variable" library="BuiltIn">
<var>${licznik}</var>
<arg>${licznik}+1</arg>
<doc>Returns the given values which can then be assigned to a variables.</doc>
<status status="NOT RUN" starttime="20220529 19:27:17.150" endtime="20220529 19:27:17.150"/>
</kw>
<status status="PASS" starttime="20220529 19:27:13.316" endtime="20220529 19:27:17.150"/>
</iter>
<status status="PASS" starttime="20220529 19:27:13.315" endtime="20220529 19:27:17.150"/>
</for>
<status status="PASS" starttime="20220529 19:27:13.315" endtime="20220529 19:27:17.150"/>
</kw>
<kw name="Select Working Day">
<kw name="Wait Until Page Contains Element" library="AppiumLibrary">
<arg>${Monday}</arg>
<doc>Waits until element specified with `locator` appears on current page.</doc>
<status status="PASS" starttime="20220529 19:27:17.151" endtime="20220529 19:27:17.570"/>
</kw>
<kw name="Click Element" library="AppiumLibrary">
<arg>${Monday}</arg>
<doc>Click element identified by `locator`.</doc>
<msg timestamp="20220529 19:27:17.572" level="INFO">Clicking element '//android.widget.TextView[@text='Monday']'.</msg>
<status status="PASS" starttime="20220529 19:27:17.571" endtime="20220529 19:27:18.477"/>
</kw>
<kw name="Wait Until Page Contains Element" library="AppiumLibrary">
<arg>${Tuesday}</arg>
<doc>Waits until element specified with `locator` appears on current page.</doc>
<status status="PASS" starttime="20220529 19:27:18.477" endtime="20220529 19:27:19.188"/>
</kw>
<kw name="Click Element" library="AppiumLibrary">
<arg>${Tuesday}</arg>
<doc>Click element identified by `locator`.</doc>
<msg timestamp="20220529 19:27:19.192" level="INFO">Clicking element '//android.widget.TextView[@text='Tuesday']'.</msg>
<status status="PASS" starttime="20220529 19:27:19.188" endtime="20220529 19:27:20.001"/>
</kw>
<kw name="Wait Until Page Contains Element" library="AppiumLibrary">
<arg>${Wednesday}</arg>
<doc>Waits until element specified with `locator` appears on current page.</doc>
<status status="PASS" starttime="20220529 19:27:20.002" endtime="20220529 19:27:20.864"/>
</kw>
<kw name="Click Element" library="AppiumLibrary">
<arg>${Wednesday}</arg>
<doc>Click element identified by `locator`.</doc>
<msg timestamp="20220529 19:27:20.867" level="INFO">Clicking element '//android.widget.TextView[@text='Wednesday']'.</msg>
<status status="PASS" starttime="20220529 19:27:20.864" endtime="20220529 19:27:21.383"/>
</kw>
<kw name="Wait Until Page Contains Element" library="AppiumLibrary">
<arg>${Thursday}</arg>
<doc>Waits until element specified with `locator` appears on current page.</doc>
<status status="PASS" starttime="20220529 19:27:21.383" endtime="20220529 19:27:22.117"/>
</kw>
<kw name="Click Element" library="AppiumLibrary">
<arg>${Thursday}</arg>
<doc>Click element identified by `locator`.</doc>
<msg timestamp="20220529 19:27:22.119" level="INFO">Clicking element '//android.widget.TextView[@text='Thursday']'.</msg>
<status status="PASS" starttime="20220529 19:27:22.117" endtime="20220529 19:27:22.753"/>
</kw>
<kw name="Wait Until Page Contains Element" library="AppiumLibrary">
<arg>${Friday}</arg>
<doc>Waits until element specified with `locator` appears on current page.</doc>
<status status="PASS" starttime="20220529 19:27:22.753" endtime="20220529 19:27:23.656"/>
</kw>
<kw name="Click Element" library="AppiumLibrary">
<arg>${Friday}</arg>
<doc>Click element identified by `locator`.</doc>
<msg timestamp="20220529 19:27:23.659" level="INFO">Clicking element '//android.widget.TextView[@text='Friday']'.</msg>
<status status="PASS" starttime="20220529 19:27:23.657" endtime="20220529 19:27:24.119"/>
</kw>
<status status="PASS" starttime="20220529 19:27:17.151" endtime="20220529 19:27:24.120"/>
</kw>
<kw name="Sleep" library="BuiltIn">
<arg>1</arg>
<doc>Pauses the test executed for the given time.</doc>
<msg timestamp="20220529 19:27:25.122" level="INFO">Slept 1 second</msg>
<status status="PASS" starttime="20220529 19:27:24.120" endtime="20220529 19:27:25.122"/>
</kw>
<kw name="Scroll Up And Check Element Exist">
<arg>${Enable_Flexi_Time}</arg>
<for flavor="IN RANGE">
<var>${licznik}</var>
<value>0</value>
<value>5</value>
<iter>
<var name="${licznik}">0</var>
<kw name="Swipe By Percent" library="AppiumLibrary">
<arg>30</arg>
<arg>20</arg>
<arg>30</arg>
<arg>70</arg>
<doc>Swipe from one percent of the screen to another percent, for an optional duration.
Normal swipe fails to scale for different screen resolutions, this can be avoided using percent.</doc>
<status status="PASS" starttime="20220529 19:27:25.124" endtime="20220529 19:27:28.410"/>
</kw>
<kw name="Run Keyword And Return Status" library="BuiltIn">
<var>${el}</var>
<arg>Wait Until Page Contains Element</arg>
<arg>${INPUT_TEXT}</arg>
<doc>Runs the given keyword with given arguments and returns the status as a Boolean value.</doc>
<kw name="Wait Until Page Contains Element" library="AppiumLibrary">
<arg>${INPUT_TEXT}</arg>
<doc>Waits until element specified with `locator` appears on current page.</doc>
<status status="PASS" starttime="20220529 19:27:28.411" endtime="20220529 19:27:28.945"/>
</kw>
<msg timestamp="20220529 19:27:28.945" level="INFO">${el} = True</msg>
<status status="PASS" starttime="20220529 19:27:28.410" endtime="20220529 19:27:28.945"/>
</kw>
<kw name="Log" library="BuiltIn">
<arg>${el}</arg>
<doc>Logs the given message with the given level.</doc>
<msg timestamp="20220529 19:27:28.946" level="INFO">True</msg>
<status status="PASS" starttime="20220529 19:27:28.946" endtime="20220529 19:27:28.946"/>
</kw>
<kw name="Run Keyword If" library="BuiltIn">
<arg>${el}</arg>
<arg>Exit For Loop</arg>
<doc>Runs the given keyword with the given arguments, if ``condition`` is true.</doc>
<kw name="Exit For Loop" library="BuiltIn">
<doc>Stops executing the enclosing FOR loop.</doc>
<msg timestamp="20220529 19:27:28.947" level="INFO">Exiting for loop altogether.</msg>
<status status="PASS" starttime="20220529 19:27:28.946" endtime="20220529 19:27:28.947"/>
</kw>
<status status="PASS" starttime="20220529 19:27:28.946" endtime="20220529 19:27:28.947"/>
</kw>
<kw name="Set Variable" library="BuiltIn">
<var>${licznik}</var>
<arg>${licznik}+1</arg>
<doc>Returns the given values which can then be assigned to a variables.</doc>
<status status="NOT RUN" starttime="20220529 19:27:28.948" endtime="20220529 19:27:28.948"/>
</kw>
<status status="PASS" starttime="20220529 19:27:25.123" endtime="20220529 19:27:28.948"/>
</iter>
<status status="PASS" starttime="20220529 19:27:25.123" endtime="20220529 19:27:28.948"/>
</for>
<status status="PASS" starttime="20220529 19:27:25.123" endtime="20220529 19:27:28.949"/>
</kw>
<kw name="Check Enable Flexi">
<kw name="Wait Until Page Contains Element" library="AppiumLibrary">
<arg>${Enable_Flexi_Time}</arg>
<doc>Waits until element specified with `locator` appears on current page.</doc>
<status status="PASS" starttime="20220529 19:27:28.950" endtime="20220529 19:27:29.428"/>
</kw>
<kw name="Click Element" library="AppiumLibrary">
<arg>${Enable_Flexi_Time}</arg>
<doc>Click element identified by `locator`.</doc>
<msg timestamp="20220529 19:27:29.431" level="INFO">Clicking element '//android.widget.TextView[@text='Enable Flexi Time']'.</msg>
<status status="PASS" starttime="20220529 19:27:29.428" endtime="20220529 19:27:29.948"/>
</kw>
<status status="PASS" starttime="20220529 19:27:28.949" endtime="20220529 19:27:29.948"/>
</kw>
<kw name="Back To Main Page" library="Task_resource">
<kw name="Wait Until Page Contains Element" library="AppiumLibrary">
<arg>${NAVIGATE_UP_BUTTON}</arg>
<doc>Waits until element specified with `locator` appears on current page.</doc>
<status status="PASS" starttime="20220529 19:27:29.949" endtime="20220529 19:27:31.366"/>
</kw>
<kw name="Click Element" library="AppiumLibrary">
<arg>${NAVIGATE_UP_BUTTON}</arg>
<doc>Click element identified by `locator`.</doc>
<msg timestamp="20220529 19:27:31.369" level="INFO">Clicking element '//android.widget.ImageButton[@content-desc='Navigate up']'.</msg>
<status status="PASS" starttime="20220529 19:27:31.366" endtime="20220529 19:27:32.284"/>
</kw>
<status status="PASS" starttime="20220529 19:27:29.949" endtime="20220529 19:27:32.285"/>
</kw>
<kw name="Sleep" library="BuiltIn">
<arg>1</arg>
<doc>Pauses the test executed for the given time.</doc>
<msg timestamp="20220529 19:27:33.301" level="INFO">Slept 1 second</msg>
<status status="PASS" starttime="20220529 19:27:32.285" endtime="20220529 19:27:33.301"/>
</kw>
<kw name="Run Keywords" library="BuiltIn" type="TEARDOWN">
<arg>Open Navigation Drawer</arg>
<arg>AND</arg>
<arg>Enter Options Page</arg>
<arg>AND</arg>
<arg>Check Enable Flexi</arg>
<arg>AND</arg>
<arg>Back To Main Page</arg>
<arg>AND</arg>
<arg>Sleep</arg>
<arg>2</arg>
<arg>AND</arg>
<arg>Close Application</arg>
<doc>Executes all the given keywords in a sequence.</doc>
<kw name="Open Navigation Drawer" library="Main_resource">
<kw name="Wait Until Page Contains Element" library="AppiumLibrary">
<arg>${NAVIGATION_DRAWER_BUTTON}</arg>
<doc>Waits until element specified with `locator` appears on current page.</doc>
<status status="PASS" starttime="20220529 19:27:33.303" endtime="20220529 19:27:35.331"/>
</kw>
<kw name="Click Element" library="AppiumLibrary">
<arg>${NAVIGATION_DRAWER_BUTTON}</arg>
<doc>Click element identified by `locator`.</doc>
<msg timestamp="20220529 19:27:35.334" level="INFO">Clicking element '//android.widget.ImageButton[@content-desc='Open navigation drawer']'.</msg>
<status status="PASS" starttime="20220529 19:27:35.332" endtime="20220529 19:27:36.406"/>
</kw>
<status status="PASS" starttime="20220529 19:27:33.303" endtime="20220529 19:27:36.407"/>
</kw>
<kw name="Enter Options Page">
<kw name="Wait Until Page Contains Element" library="AppiumLibrary">
<arg>${OPTIONS_VIEW}</arg>
<doc>Waits until element specified with `locator` appears on current page.</doc>
<status status="PASS" starttime="20220529 19:27:36.408" endtime="20220529 19:27:37.482"/>
</kw>
<kw name="Click Element" library="AppiumLibrary">
<arg>${OPTIONS_VIEW}</arg>
<doc>Click element identified by `locator`.</doc>
<msg timestamp="20220529 19:27:37.486" level="INFO">Clicking element '//android.widget.CheckedTextView[@text='Options']'.</msg>
<status status="PASS" starttime="20220529 19:27:37.482" endtime="20220529 19:27:39.130"/>
</kw>
<status status="PASS" starttime="20220529 19:27:36.407" endtime="20220529 19:27:39.130"/>
</kw>
<kw name="Check Enable Flexi">
<kw name="Wait Until Page Contains Element" library="AppiumLibrary">
<arg>${Enable_Flexi_Time}</arg>
<doc>Waits until element specified with `locator` appears on current page.</doc>
<status status="PASS" starttime="20220529 19:27:39.131" endtime="20220529 19:27:41.634"/>
</kw>
<kw name="Click Element" library="AppiumLibrary">
<arg>${Enable_Flexi_Time}</arg>
<doc>Click element identified by `locator`.</doc>
<msg timestamp="20220529 19:27:41.636" level="INFO">Clicking element '//android.widget.TextView[@text='Enable Flexi Time']'.</msg>
<status status="PASS" starttime="20220529 19:27:41.634" endtime="20220529 19:27:42.112"/>
</kw>
<status status="PASS" starttime="20220529 19:27:39.130" endtime="20220529 19:27:42.112"/>
</kw>
<kw name="Back To Main Page" library="Task_resource">
<kw name="Wait Until Page Contains Element" library="AppiumLibrary">
<arg>${NAVIGATE_UP_BUTTON}</arg>
<doc>Waits until element specified with `locator` appears on current page.</doc>
<status status="PASS" starttime="20220529 19:27:42.113" endtime="20220529 19:27:42.820"/>
</kw>
<kw name="Click Element" library="AppiumLibrary">
<arg>${NAVIGATE_UP_BUTTON}</arg>
<doc>Click element identified by `locator`.</doc>
<msg timestamp="20220529 19:27:42.823" level="INFO">Clicking element '//android.widget.ImageButton[@content-desc='Navigate up']'.</msg>
<status status="PASS" starttime="20220529 19:27:42.820" endtime="20220529 19:27:43.263"/>
</kw>
<status status="PASS" starttime="20220529 19:27:42.113" endtime="20220529 19:27:43.263"/>
</kw>
<kw name="Sleep" library="BuiltIn">
<arg>2</arg>
<doc>Pauses the test executed for the given time.</doc>
<msg timestamp="20220529 19:27:45.266" level="INFO">Slept 2 seconds</msg>
<status status="PASS" starttime="20220529 19:27:43.264" endtime="20220529 19:27:45.266"/>
</kw>
<kw name="Close Application" library="AppiumLibrary">
<doc>Closes the current application and also close webdriver session.</doc>
<status status="PASS" starttime="20220529 19:27:45.266" endtime="20220529 19:27:47.113"/>
</kw>
<status status="PASS" starttime="20220529 19:27:33.302" endtime="20220529 19:27:47.113"/>
</kw>
<status status="PASS" starttime="20220529 19:26:23.519" endtime="20220529 19:27:47.113"/>
</test>
<status status="PASS" starttime="20220529 19:26:23.280" endtime="20220529 19:27:47.115"/>
</suite>
<statistics>
<total>
<stat pass="1" fail="0" skip="0">All Tests</stat>
</total>
<tag>
</tag>
<suite>
<stat pass="1" fail="0" skip="0" id="s1" name="TC-17 Flexi Time Balancing">TC-17 Flexi Time Balancing</stat>
</suite>
</statistics>
<errors>
</errors>
</robot>
