<?xml version="1.0" encoding="UTF-8"?>
<robot generator="Robot 5.0.1 (Python 3.10.1 on win32)" generated="20220529 15:36:36.614" rpa="false" schemaversion="3">
<suite id="s1" name="TC-17 Flexi Time Balancing" source="D:\Software Testing\team project\Tests\TC-17_Flexi_Time_Balancing.robot">
<test id="s1-t1" line="31">
<status status="FAIL" starttime="20220529 15:36:36.890" endtime="20220529 15:36:36.891">Test name cannot be empty.</status>
</test>
<status status="FAIL" starttime="20220529 15:36:36.617" endtime="20220529 15:36:36.892"/>
</suite>
<statistics>
<total>
<stat pass="0" fail="1" skip="0">All Tests</stat>
</total>
<tag>
</tag>
<suite>
<stat pass="0" fail="1" skip="0" id="s1" name="TC-17 Flexi Time Balancing">TC-17 Flexi Time Balancing</stat>
</suite>
</statistics>
<errors>
</errors>
</robot>
